  [1m[35m (0.2ms)[0m  [1m[34mSELECT sqlite_version(*)[0m
  ↳ bin/rails:9
  [1m[35m (15.3ms)[0m  [1m[35mCREATE TABLE "schema_migrations" ("version" varchar NOT NULL PRIMARY KEY)[0m
  ↳ bin/rails:9
  [1m[35m (11.2ms)[0m  [1m[35mCREATE TABLE "ar_internal_metadata" ("key" varchar NOT NULL PRIMARY KEY, "value" varchar, "created_at" datetime NOT NULL, "updated_at" datetime NOT NULL)[0m
  ↳ bin/rails:9
  [1m[35m (0.3ms)[0m  [1m[34mSELECT "schema_migrations"."version" FROM "schema_migrations" ORDER BY "schema_migrations"."version" ASC[0m
  ↳ bin/rails:9
Migrating to CreateJedis (20180420012650)
  [1m[35m (0.1ms)[0m  [1m[36mbegin transaction[0m
  ↳ bin/rails:9
  [1m[35m (1.0ms)[0m  [1m[35mCREATE TABLE "jedis" ("id" integer PRIMARY KEY AUTOINCREMENT NOT NULL, "name" varchar, "strength" integer, "hp" integer, "password_digest" varchar, "created_at" datetime NOT NULL, "updated_at" datetime NOT NULL)[0m
  ↳ db/migrate/20180420012650_create_jedis.rb:3
  [1m[36mActiveRecord::SchemaMigration Create (0.2ms)[0m  [1m[32mINSERT INTO "schema_migrations" ("version") VALUES (?)[0m  [["version", "20180420012650"]]
  ↳ bin/rails:9
  [1m[35m (9.7ms)[0m  [1m[36mcommit transaction[0m
  ↳ bin/rails:9
Migrating to CreateSiths (20180420022314)
  [1m[35m (0.1ms)[0m  [1m[36mbegin transaction[0m
  ↳ bin/rails:9
  [1m[35m (0.4ms)[0m  [1m[35mCREATE TABLE "siths" ("id" integer PRIMARY KEY AUTOINCREMENT NOT NULL, "name" varchar, "power" integer, "health" integer, "created_at" datetime NOT NULL, "updated_at" datetime NOT NULL)[0m
  ↳ db/migrate/20180420022314_create_siths.rb:3
  [1m[36mActiveRecord::SchemaMigration Create (0.2ms)[0m  [1m[32mINSERT INTO "schema_migrations" ("version") VALUES (?)[0m  [["version", "20180420022314"]]
  ↳ bin/rails:9
  [1m[35m (14.0ms)[0m  [1m[36mcommit transaction[0m
  ↳ bin/rails:9
Migrating to CreateFights (20180420022934)
  [1m[35m (0.1ms)[0m  [1m[36mbegin transaction[0m
  ↳ bin/rails:9
  [1m[35m (0.4ms)[0m  [1m[35mCREATE TABLE "fights" ("id" integer PRIMARY KEY AUTOINCREMENT NOT NULL, "jedi_id" integer, "sith_id" integer, "created_at" datetime NOT NULL, "updated_at" datetime NOT NULL)[0m
  ↳ db/migrate/20180420022934_create_fights.rb:3
  [1m[36mActiveRecord::SchemaMigration Create (0.2ms)[0m  [1m[32mINSERT INTO "schema_migrations" ("version") VALUES (?)[0m  [["version", "20180420022934"]]
  ↳ bin/rails:9
  [1m[35m (8.2ms)[0m  [1m[36mcommit transaction[0m
  ↳ bin/rails:9
  [1m[36mActiveRecord::InternalMetadata Load (0.3ms)[0m  [1m[34mSELECT  "ar_internal_metadata".* FROM "ar_internal_metadata" WHERE "ar_internal_metadata"."key" = ? LIMIT ?[0m  [["key", "environment"], ["LIMIT", 1]]
  ↳ bin/rails:9
  [1m[35m (0.1ms)[0m  [1m[36mbegin transaction[0m
  ↳ bin/rails:9
  [1m[36mActiveRecord::InternalMetadata Create (0.3ms)[0m  [1m[32mINSERT INTO "ar_internal_metadata" ("key", "value", "created_at", "updated_at") VALUES (?, ?, ?, ?)[0m  [["key", "environment"], ["value", "development"], ["created_at", "2018-04-20 02:30:09.580446"], ["updated_at", "2018-04-20 02:30:09.580446"]]
  ↳ bin/rails:9
  [1m[35m (7.3ms)[0m  [1m[36mcommit transaction[0m
  ↳ bin/rails:9
  [1m[35m (0.2ms)[0m  [1m[34mSELECT "schema_migrations"."version" FROM "schema_migrations" ORDER BY "schema_migrations"."version" ASC[0m
  ↳ bin/rails:9
  [1m[35m (0.1ms)[0m  [1m[36mbegin transaction[0m
  [1m[35m (0.2ms)[0m  [1m[31mrollback transaction[0m
  [1m[35m (0.1ms)[0m  [1m[36mbegin transaction[0m
  [1m[35m (0.1ms)[0m  [1m[31mrollback transaction[0m
  [1m[35m (0.2ms)[0m  [1m[34mSELECT "schema_migrations"."version" FROM "schema_migrations" ORDER BY "schema_migrations"."version" ASC[0m
  ↳ bin/rails:9
  [1m[35m (0.1ms)[0m  [1m[34mSELECT "ar_internal_metadata"."value" FROM "ar_internal_metadata" WHERE "ar_internal_metadata"."key" = ?[0m  [["key", "environment"]]
  ↳ bin/rails:9
  [1m[35m (0.1ms)[0m  [1m[34mSELECT "schema_migrations"."version" FROM "schema_migrations" ORDER BY "schema_migrations"."version" ASC[0m
  ↳ bin/rails:9
  [1m[35m (0.1ms)[0m  [1m[34mSELECT "ar_internal_metadata"."value" FROM "ar_internal_metadata" WHERE "ar_internal_metadata"."key" = ?[0m  [["key", "environment"]]
  ↳ bin/rails:9
  [1m[35m (0.1ms)[0m  [1m[34mSELECT "schema_migrations"."version" FROM "schema_migrations" ORDER BY "schema_migrations"."version" ASC[0m
  ↳ bin/rails:9
  [1m[35m (0.1ms)[0m  [1m[34mSELECT "ar_internal_metadata"."value" FROM "ar_internal_metadata" WHERE "ar_internal_metadata"."key" = ?[0m  [["key", "environment"]]
  ↳ bin/rails:9
  [1m[35m (0.1ms)[0m  [1m[34mSELECT sqlite_version(*)[0m
  ↳ /usr/local/bin/rake:23
  [1m[35m (16.3ms)[0m  [1m[35mCREATE TABLE "schema_migrations" ("version" varchar NOT NULL PRIMARY KEY)[0m
  ↳ /usr/local/bin/rake:23
  [1m[35m (8.0ms)[0m  [1m[35mCREATE TABLE "ar_internal_metadata" ("key" varchar NOT NULL PRIMARY KEY, "value" varchar, "created_at" datetime NOT NULL, "updated_at" datetime NOT NULL)[0m
  ↳ /usr/local/bin/rake:23
  [1m[35m (0.1ms)[0m  [1m[34mSELECT "schema_migrations"."version" FROM "schema_migrations" ORDER BY "schema_migrations"."version" ASC[0m
  ↳ /usr/local/bin/rake:23
Migrating to CreateJedis (20180420012650)
  [1m[35m (0.1ms)[0m  [1m[36mbegin transaction[0m
  ↳ /usr/local/bin/rake:23
  [1m[35m (0.8ms)[0m  [1m[35mCREATE TABLE "jedis" ("id" integer PRIMARY KEY AUTOINCREMENT NOT NULL, "name" varchar, "strength" integer, "hp" integer, "password_digest" varchar, "created_at" datetime NOT NULL, "updated_at" datetime NOT NULL)[0m
  ↳ db/migrate/20180420012650_create_jedis.rb:3
  [1m[36mActiveRecord::SchemaMigration Create (0.2ms)[0m  [1m[32mINSERT INTO "schema_migrations" ("version") VALUES (?)[0m  [["version", "20180420012650"]]
  ↳ /usr/local/bin/rake:23
  [1m[35m (8.1ms)[0m  [1m[36mcommit transaction[0m
  ↳ /usr/local/bin/rake:23
Migrating to CreateSiths (20180420022314)
  [1m[35m (0.1ms)[0m  [1m[36mbegin transaction[0m
  ↳ /usr/local/bin/rake:23
  [1m[35m (1.0ms)[0m  [1m[35mCREATE TABLE "siths" ("id" integer PRIMARY KEY AUTOINCREMENT NOT NULL, "name" varchar, "power" integer, "health" integer, "created_at" datetime NOT NULL, "updated_at" datetime NOT NULL)[0m
  ↳ db/migrate/20180420022314_create_siths.rb:3
  [1m[36mActiveRecord::SchemaMigration Create (0.2ms)[0m  [1m[32mINSERT INTO "schema_migrations" ("version") VALUES (?)[0m  [["version", "20180420022314"]]
  ↳ /usr/local/bin/rake:23
  [1m[35m (8.4ms)[0m  [1m[36mcommit transaction[0m
  ↳ /usr/local/bin/rake:23
Migrating to CreateFights (20180420022934)
  [1m[35m (0.1ms)[0m  [1m[36mbegin transaction[0m
  ↳ /usr/local/bin/rake:23
  [1m[35m (0.3ms)[0m  [1m[35mCREATE TABLE "fights" ("id" integer PRIMARY KEY AUTOINCREMENT NOT NULL, "jedi_id" integer, "sith_id" integer, "created_at" datetime NOT NULL, "updated_at" datetime NOT NULL)[0m
  ↳ db/migrate/20180420022934_create_fights.rb:3
  [1m[36mActiveRecord::SchemaMigration Create (0.2ms)[0m  [1m[32mINSERT INTO "schema_migrations" ("version") VALUES (?)[0m  [["version", "20180420022934"]]
  ↳ /usr/local/bin/rake:23
  [1m[35m (8.4ms)[0m  [1m[36mcommit transaction[0m
  ↳ /usr/local/bin/rake:23
  [1m[36mActiveRecord::InternalMetadata Load (0.2ms)[0m  [1m[34mSELECT  "ar_internal_metadata".* FROM "ar_internal_metadata" WHERE "ar_internal_metadata"."key" = ? LIMIT ?[0m  [["key", "environment"], ["LIMIT", 1]]
  ↳ /usr/local/bin/rake:23
  [1m[35m (0.1ms)[0m  [1m[36mbegin transaction[0m
  ↳ /usr/local/bin/rake:23
  [1m[36mActiveRecord::InternalMetadata Create (0.2ms)[0m  [1m[32mINSERT INTO "ar_internal_metadata" ("key", "value", "created_at", "updated_at") VALUES (?, ?, ?, ?)[0m  [["key", "environment"], ["value", "development"], ["created_at", "2018-04-20 02:32:00.969346"], ["updated_at", "2018-04-20 02:32:00.969346"]]
  ↳ /usr/local/bin/rake:23
  [1m[35m (11.7ms)[0m  [1m[36mcommit transaction[0m
  ↳ /usr/local/bin/rake:23
  [1m[35m (0.2ms)[0m  [1m[34mSELECT "schema_migrations"."version" FROM "schema_migrations" ORDER BY "schema_migrations"."version" ASC[0m
  ↳ /usr/local/bin/rake:23
  [1m[35m (0.1ms)[0m  [1m[36mbegin transaction[0m
  [1m[35m (0.1ms)[0m  [1m[31mrollback transaction[0m
  [1m[35m (0.1ms)[0m  [1m[34mSELECT "schema_migrations"."version" FROM "schema_migrations" ORDER BY "schema_migrations"."version" ASC[0m
  ↳ /usr/local/bin/rake:23
  [1m[35m (0.2ms)[0m  [1m[34mSELECT "ar_internal_metadata"."value" FROM "ar_internal_metadata" WHERE "ar_internal_metadata"."key" = ?[0m  [["key", "environment"]]
  ↳ /usr/local/bin/rake:23
  [1m[35m (0.1ms)[0m  [1m[34mSELECT "schema_migrations"."version" FROM "schema_migrations" ORDER BY "schema_migrations"."version" ASC[0m
  ↳ /usr/local/bin/rake:23
  [1m[35m (0.1ms)[0m  [1m[34mSELECT "ar_internal_metadata"."value" FROM "ar_internal_metadata" WHERE "ar_internal_metadata"."key" = ?[0m  [["key", "environment"]]
  ↳ /usr/local/bin/rake:23
  [1m[35m (0.0ms)[0m  [1m[34mSELECT "schema_migrations"."version" FROM "schema_migrations" ORDER BY "schema_migrations"."version" ASC[0m
  ↳ /usr/local/bin/rake:23
  [1m[35m (0.1ms)[0m  [1m[34mSELECT "ar_internal_metadata"."value" FROM "ar_internal_metadata" WHERE "ar_internal_metadata"."key" = ?[0m  [["key", "environment"]]
  ↳ /usr/local/bin/rake:23
  [1m[35m (0.1ms)[0m  [1m[34mSELECT sqlite_version(*)[0m
  ↳ /usr/local/bin/rake:23
  [1m[35m (15.7ms)[0m  [1m[35mCREATE TABLE "schema_migrations" ("version" varchar NOT NULL PRIMARY KEY)[0m
  ↳ /usr/local/bin/rake:23
  [1m[35m (11.2ms)[0m  [1m[35mCREATE TABLE "ar_internal_metadata" ("key" varchar NOT NULL PRIMARY KEY, "value" varchar, "created_at" datetime NOT NULL, "updated_at" datetime NOT NULL)[0m
  ↳ /usr/local/bin/rake:23
  [1m[35m (0.1ms)[0m  [1m[34mSELECT "schema_migrations"."version" FROM "schema_migrations" ORDER BY "schema_migrations"."version" ASC[0m
  ↳ /usr/local/bin/rake:23
Migrating to CreateJedis (20180420012650)
  [1m[35m (0.1ms)[0m  [1m[36mbegin transaction[0m
  ↳ /usr/local/bin/rake:23
  [1m[35m (0.4ms)[0m  [1m[35mCREATE TABLE "jedis" ("id" integer PRIMARY KEY AUTOINCREMENT NOT NULL, "name" varchar, "strength" integer, "hp" integer, "password_digest" varchar, "created_at" datetime NOT NULL, "updated_at" datetime NOT NULL)[0m
  ↳ db/migrate/20180420012650_create_jedis.rb:3
  [1m[36mActiveRecord::SchemaMigration Create (0.3ms)[0m  [1m[32mINSERT INTO "schema_migrations" ("version") VALUES (?)[0m  [["version", "20180420012650"]]
  ↳ /usr/local/bin/rake:23
  [1m[35m (103.5ms)[0m  [1m[36mcommit transaction[0m
  ↳ /usr/local/bin/rake:23
Migrating to CreateSiths (20180420022314)
  [1m[35m (0.1ms)[0m  [1m[36mbegin transaction[0m
  ↳ /usr/local/bin/rake:23
  [1m[35m (0.7ms)[0m  [1m[35mCREATE TABLE "siths" ("id" integer PRIMARY KEY AUTOINCREMENT NOT NULL, "name" varchar, "power" integer, "health" integer, "created_at" datetime NOT NULL, "updated_at" datetime NOT NULL)[0m
  ↳ db/migrate/20180420022314_create_siths.rb:3
  [1m[36mActiveRecord::SchemaMigration Create (0.3ms)[0m  [1m[32mINSERT INTO "schema_migrations" ("version") VALUES (?)[0m  [["version", "20180420022314"]]
  ↳ /usr/local/bin/rake:23
  [1m[35m (9.6ms)[0m  [1m[36mcommit transaction[0m
  ↳ /usr/local/bin/rake:23
Migrating to CreateFights (20180420022934)
  [1m[35m (0.1ms)[0m  [1m[36mbegin transaction[0m
  ↳ /usr/local/bin/rake:23
  [1m[35m (0.8ms)[0m  [1m[35mCREATE TABLE "fights" ("id" integer PRIMARY KEY AUTOINCREMENT NOT NULL, "jedi_id" integer, "sith_id" integer, "created_at" datetime NOT NULL, "updated_at" datetime NOT NULL)[0m
  ↳ db/migrate/20180420022934_create_fights.rb:3
  [1m[36mActiveRecord::SchemaMigration Create (0.3ms)[0m  [1m[32mINSERT INTO "schema_migrations" ("version") VALUES (?)[0m  [["version", "20180420022934"]]
  ↳ /usr/local/bin/rake:23
  [1m[35m (10.5ms)[0m  [1m[36mcommit transaction[0m
  ↳ /usr/local/bin/rake:23
  [1m[36mActiveRecord::InternalMetadata Load (0.2ms)[0m  [1m[34mSELECT  "ar_internal_metadata".* FROM "ar_internal_metadata" WHERE "ar_internal_metadata"."key" = ? LIMIT ?[0m  [["key", "environment"], ["LIMIT", 1]]
  ↳ /usr/local/bin/rake:23
  [1m[35m (0.1ms)[0m  [1m[36mbegin transaction[0m
  ↳ /usr/local/bin/rake:23
  [1m[36mActiveRecord::InternalMetadata Create (0.4ms)[0m  [1m[32mINSERT INTO "ar_internal_metadata" ("key", "value", "created_at", "updated_at") VALUES (?, ?, ?, ?)[0m  [["key", "environment"], ["value", "development"], ["created_at", "2018-04-20 02:34:18.187701"], ["updated_at", "2018-04-20 02:34:18.187701"]]
  ↳ /usr/local/bin/rake:23
  [1m[35m (7.9ms)[0m  [1m[36mcommit transaction[0m
  ↳ /usr/local/bin/rake:23
  [1m[35m (0.3ms)[0m  [1m[34mSELECT "schema_migrations"."version" FROM "schema_migrations" ORDER BY "schema_migrations"."version" ASC[0m
  ↳ /usr/local/bin/rake:23
  [1m[35m (0.1ms)[0m  [1m[36mbegin transaction[0m
  [1m[35m (0.1ms)[0m  [1m[31mrollback transaction[0m
  [1m[35m (0.1ms)[0m  [1m[36mbegin transaction[0m
  [1m[36mJedi Create (2.5ms)[0m  [1m[32mINSERT INTO "jedis" ("name", "password_digest", "created_at", "updated_at") VALUES (?, ?, ?, ?)[0m  [["name", "obi"], ["password_digest", "$2a$10$2W7pWUItemDh/BghgJFZtODG1Ci93nB0OmffIUudFCiSvwYLOZloK"], ["created_at", "2018-04-20 02:35:26.446740"], ["updated_at", "2018-04-20 02:35:26.446740"]]
  [1m[35m (16.4ms)[0m  [1m[36mcommit transaction[0m
  [1m[35m (0.1ms)[0m  [1m[36mbegin transaction[0m
  [1m[36mJedi Update (1.2ms)[0m  [1m[33mUPDATE "jedis" SET "strength" = ?, "hp" = ?, "updated_at" = ? WHERE "jedis"."id" = ?[0m  [["strength", 5], ["hp", 10], ["updated_at", "2018-04-20 02:35:47.907311"], ["id", 1]]
  [1m[35m (8.6ms)[0m  [1m[36mcommit transaction[0m
  [1m[35m (0.1ms)[0m  [1m[36mbegin transaction[0m
  [1m[36mSith Create (0.9ms)[0m  [1m[32mINSERT INTO "siths" ("name", "power", "health", "created_at", "updated_at") VALUES (?, ?, ?, ?, ?)[0m  [["name", "darth"], ["power", 4], ["health", 5], ["created_at", "2018-04-20 02:36:31.623654"], ["updated_at", "2018-04-20 02:36:31.623654"]]
  [1m[35m (166.5ms)[0m  [1m[36mcommit transaction[0m
  [1m[36mJedi Load (0.2ms)[0m  [1m[34mSELECT  "jedis".* FROM "jedis" LIMIT ?[0m  [["LIMIT", 11]]
  [1m[36mSith Load (0.2ms)[0m  [1m[34mSELECT  "siths".* FROM "siths" LIMIT ?[0m  [["LIMIT", 11]]
